<?xml version="1.0" encoding="UTF-8"?>
<!-- Generated by org.testng.reporters.JUnitReportReporter -->
<testsuite hostname="Mypc" name="com.orgHrm.Tests.testngempreg" tests="1" failures="0" timestamp="9 Jul 2016 09:04:39 GMT" time="12.319" errors="0">
  <testcase name="empregTest" time="12.319" classname="com.orgHrm.Tests.testngempreg"/>
</testsuite> <!-- com.orgHrm.Tests.testngempreg -->
