<?xml version="1.0" encoding="UTF-8"?>
<!-- Generated by org.testng.reporters.JUnitReportReporter -->
<testsuite hostname="Mypc" name="com.orgHrm.Tests.login" tests="1" failures="0" timestamp="10 Jul 2016 05:19:18 GMT" time="14.101" errors="0">
  <testcase name="orglogin" time="14.101" classname="com.orgHrm.Tests.login"/>
</testsuite> <!-- com.orgHrm.Tests.login -->
