<?xml version="1.0" encoding="UTF-8"?>
<!-- Generated by org.testng.reporters.JUnitReportReporter -->
<testsuite hostname="Mypc" name="com.orgHrm.Tests.basicannotations" tests="3" failures="0" timestamp="9 Jul 2016 07:35:13 GMT" time="0.017" errors="0">
  <testcase name="a" time="0.002" classname="com.orgHrm.Tests.basicannotations"/>
  <testcase name="function1" time="0.013" classname="com.orgHrm.Tests.basicannotations"/>
  <testcase name="function2" time="0.002" classname="com.orgHrm.Tests.basicannotations"/>
</testsuite> <!-- com.orgHrm.Tests.basicannotations -->
