<?xml version="1.0" encoding="UTF-8"?>
<!-- Generated by org.testng.reporters.JUnitReportReporter -->
<testsuite hostname="Mypc" name="com.orgHrm.testsuite.hybriddriver" tests="1" failures="0" timestamp="9 Jul 2016 10:26:27 GMT" time="125.435" errors="0">
  <testcase name="driver" time="125.435" classname="com.orgHrm.testsuite.hybriddriver"/>
</testsuite> <!-- com.orgHrm.testsuite.hybriddriver -->
