<?xml version="1.0" encoding="UTF-8"?>
<!-- Generated by org.testng.reporters.JUnitReportReporter -->
<testsuite hostname="Mypc" name="grid.grid1" tests="1" failures="0" timestamp="10 Jul 2016 06:53:59 GMT" time="25.615" errors="0">
  <testcase name="gr" time="25.615" classname="grid.grid1"/>
</testsuite> <!-- grid.grid1 -->
