<?xml version="1.0" encoding="UTF-8"?>
<!-- Generated by org.testng.reporters.JUnitReportReporter -->
<testsuite hostname="Mypc" name="com.orgHrm.pages.logintestc" tests="1" failures="0" timestamp="10 Jul 2016 05:50:52 GMT" time="36.054" errors="0">
  <testcase name="login" time="36.054" classname="com.orgHrm.pages.logintestc"/>
</testsuite> <!-- com.orgHrm.pages.logintestc -->
