<?xml version="1.0" encoding="UTF-8"?>
<!-- Generated by org.testng.reporters.JUnitReportReporter -->
<testsuite hostname="Mypc" name="grid.serialexec" tests="2" failures="0" timestamp="10 Jul 2016 07:07:19 GMT" time="65.828" errors="0">
  <testcase name="serial" time="21.427" classname="grid.serialexec"/>
  <testcase name="serial" time="44.401" classname="grid.serialexec"/>
</testsuite> <!-- grid.serialexec -->
