<?xml version="1.0" encoding="UTF-8"?>
<!-- Generated by org.testng.reporters.JUnitReportReporter -->
<testsuite hostname="Mypc" name="com.orgHrm.Tests.dataprovider" tests="2" failures="0" timestamp="9 Jul 2016 09:29:15 GMT" time="30.840" errors="0">
  <testcase name="test" time="18.769" classname="com.orgHrm.Tests.dataprovider"/>
  <testcase name="test" time="12.071" classname="com.orgHrm.Tests.dataprovider"/>
</testsuite> <!-- com.orgHrm.Tests.dataprovider -->
