<?xml version="1.0" encoding="UTF-8"?>
<!-- Generated by org.testng.reporters.JUnitReportReporter -->
<testsuite hostname="Mypc" name="com.orgHrm.testsuite.keyworddriver" tests="1" failures="0" timestamp="9 Jul 2016 10:16:35 GMT" time="54.802" errors="0">
  <testcase name="driver" time="54.802" classname="com.orgHrm.testsuite.keyworddriver"/>
</testsuite> <!-- com.orgHrm.testsuite.keyworddriver -->
